<?xml version="1.0" encoding="UTF-8"?>
<!-- Generated by org.testng.reporters.JUnitReportReporter -->
<testsuite hostname="LAPTOP-ILEVVRC8" failures="0" tests="1" name="RequestChaining.Scenario_3_getPayrollInfo" time="1.158" errors="0" timestamp="2025-09-18T16:00:22 IST" skipped="0">
  <testcase classname="RequestChaining.Scenario_3_getPayrollInfo" name="sampleTest" time="1.158"/>
</testsuite> <!-- RequestChaining.Scenario_3_getPayrollInfo -->
