<?xml version="1.0" encoding="UTF-8"?>
<!-- Generated by org.testng.reporters.JUnitReportReporter -->
<testsuite hostname="LAPTOP-ILEVVRC8" failures="0" tests="1" name="graphQL.addProjectUsingGraphQL" time="1.375" errors="0" timestamp="2025-09-29T14:38:31 IST" skipped="0">
  <testcase classname="graphQL.addProjectUsingGraphQL" name="getProjectByPID" time="1.375"/>
</testsuite> <!-- graphQL.addProjectUsingGraphQL -->
