<?xml version="1.0" encoding="UTF-8"?>
<!-- Generated by org.testng.reporters.JUnitReportReporter -->
<testsuite hostname="LAPTOP-ILEVVRC8" failures="0" tests="1" name="backendTest.run" time="0.016" errors="0" timestamp="2025-09-15T15:14:23 IST" skipped="0">
  <testcase classname="backendTest.run" name="testing" time="0.016"/>
</testsuite> <!-- backendTest.run -->
