<?xml version="1.0" encoding="UTF-8"?>
<!-- Generated by org.testng.reporters.JUnitReportReporter -->
<testsuite hostname="LAPTOP-ILEVVRC8" failures="0" tests="1" name="CrudWithBDD.ReadTest" time="1.365" errors="0" timestamp="2025-09-15T15:38:29 IST" skipped="0">
  <testcase classname="CrudWithBDD.ReadTest" name="read" time="1.365"/>
</testsuite> <!-- CrudWithBDD.ReadTest -->
