<?xml version="1.0" encoding="UTF-8"?>
<!-- Generated by org.testng.reporters.JUnitReportReporter -->
<testsuite hostname="LAPTOP-ILEVVRC8" failures="0" tests="1" name="RequestChaining.Scenario1DeleteProject" time="3.245" errors="0" timestamp="2025-09-18T15:07:34 IST" skipped="0">
  <testcase classname="RequestChaining.Scenario1DeleteProject" name="postDataToServer" time="3.245"/>
</testsuite> <!-- RequestChaining.Scenario1DeleteProject -->
