<?xml version="1.0" encoding="UTF-8"?>
<!-- Generated by org.testng.reporters.JUnitReportReporter -->
<testsuite hostname="LAPTOP-ILEVVRC8" failures="0" tests="1" name="RequestChaining.Scenario_2_AddEmployeToProject" time="3.422" errors="0" timestamp="2025-09-18T15:46:01 IST" skipped="0">
  <testcase classname="RequestChaining.Scenario_2_AddEmployeToProject" name="sampleTest" time="3.422"/>
</testsuite> <!-- RequestChaining.Scenario_2_AddEmployeToProject -->
