<?xml version="1.0" encoding="UTF-8"?>
<!-- Generated by org.testng.reporters.JUnitReportReporter -->
<testsuite hostname="LAPTOP-ILEVVRC8" failures="0" tests="1" name="Pratice.PostViaJsonObject" time="2.527" errors="0" timestamp="2025-09-18T12:39:10 IST" skipped="0">
  <testcase classname="Pratice.PostViaJsonObject" name="voidPostJsonObj" time="2.527"/>
</testsuite> <!-- Pratice.PostViaJsonObject -->
