<?xml version="1.0" encoding="UTF-8"?>
<!-- Generated by org.testng.reporters.JUnitReportReporter -->
<testsuite hostname="LAPTOP-ILEVVRC8" failures="0" tests="1" name="com.ninza.hrm.api.employetest.EmployeeTest" time="2.720" errors="0" timestamp="2025-09-29T12:43:04 IST" skipped="0">
  <testcase classname="com.ninza.hrm.api.employetest.EmployeeTest" name="addEmpWithoutEmailTest" time="2.720"/>
</testsuite> <!-- com.ninza.hrm.api.employetest.EmployeeTest -->
