<?xml version="1.0" encoding="UTF-8"?>
<!-- Generated by org.testng.reporters.JUnitReportReporter -->
<testsuite hostname="LAPTOP-ILEVVRC8" failures="0" tests="1" name="TypesOfParameter.ParamParam" time="1.316" errors="0" timestamp="2025-09-18T16:25:53 IST" skipped="0">
  <testcase classname="TypesOfParameter.ParamParam" name="samepleTest" time="1.316"/>
</testsuite> <!-- TypesOfParameter.ParamParam -->
