<?xml version="1.0" encoding="UTF-8"?>
<!-- Generated by org.testng.reporters.JUnitReportReporter -->
<testsuite hostname="LAPTOP-ILEVVRC8" failures="0" tests="1" name="ResponseValidation.VerifyResponseBodyViaJsonPath" time="1.890" errors="0" timestamp="2025-09-16T15:52:58 IST" skipped="0">
  <testcase classname="ResponseValidation.VerifyResponseBodyViaJsonPath" name="verifyBody" time="1.890"/>
</testsuite> <!-- ResponseValidation.VerifyResponseBodyViaJsonPath -->
