<?xml version="1.0" encoding="UTF-8"?>
<!-- Generated by org.testng.reporters.JUnitReportReporter -->
<testsuite hostname="LAPTOP-ILEVVRC8" failures="0" tests="1" name="ResponseValidation.VerifyData_complexJsonPath" time="2.061" errors="0" timestamp="2025-09-16T16:06:36 IST" skipped="0">
  <testcase classname="ResponseValidation.VerifyData_complexJsonPath" name="sampleTest" time="2.061"/>
</testsuite> <!-- ResponseValidation.VerifyData_complexJsonPath -->
