<?xml version="1.0" encoding="UTF-8"?>
<!-- Generated by org.testng.reporters.JUnitReportReporter -->
<testsuite hostname="LAPTOP-ILEVVRC8" failures="0" tests="1" name="CrudWithBDD.Delete" time="1.172" errors="0" timestamp="2025-09-15T15:54:57 IST" skipped="0">
  <testcase classname="CrudWithBDD.Delete" name="deleteTest" time="1.172"/>
</testsuite> <!-- CrudWithBDD.Delete -->
