<?xml version="1.0" encoding="UTF-8"?>
<!-- Generated by org.testng.reporters.JUnitReportReporter -->
<testsuite hostname="LAPTOP-ILEVVRC8" failures="0" tests="1" name="Pratice.PostViaPojoTest" time="2.537" errors="0" timestamp="2025-09-16T10:47:05 IST" skipped="0">
  <testcase classname="Pratice.PostViaPojoTest" name="postDataToServer" time="2.537"/>
</testsuite> <!-- Pratice.PostViaPojoTest -->
