<?xml version="1.0" encoding="UTF-8"?>
<!-- Generated by org.testng.reporters.JUnitReportReporter -->
<testsuite hostname="LAPTOP-ILEVVRC8" failures="0" tests="1" name="CrudWithBDD.Patch" time="1.280" errors="0" timestamp="2025-09-15T15:51:24 IST" skipped="0">
  <testcase classname="CrudWithBDD.Patch" name="patchTest" time="1.280"/>
</testsuite> <!-- CrudWithBDD.Patch -->
