<?xml version="1.0" encoding="UTF-8"?>
<!-- Generated by org.testng.reporters.JUnitReportReporter -->
<testsuite hostname="LAPTOP-ILEVVRC8" failures="0" tests="1" name="CrudWithBDD.Put" time="1.234" errors="0" timestamp="2025-09-15T15:50:23 IST" skipped="0">
  <testcase classname="CrudWithBDD.Put" name="PutTest" time="1.234"/>
</testsuite> <!-- CrudWithBDD.Put -->
