<?xml version="1.0" encoding="UTF-8"?>
<!-- Generated by org.testng.reporters.JUnitReportReporter -->
<testsuite hostname="LAPTOP-ILEVVRC8" failures="0" tests="1" name="CrudWithBDD.Post" time="2.308" errors="0" timestamp="2025-09-15T15:41:26 IST" skipped="0">
  <testcase classname="CrudWithBDD.Post" name="PostDataTest" time="2.308"/>
</testsuite> <!-- CrudWithBDD.Post -->
