<?xml version="1.0" encoding="UTF-8"?>
<!-- Generated by org.testng.reporters.JUnitReportReporter -->
<testsuite hostname="LAPTOP-ILEVVRC8" failures="0" tests="1" name="TypesOfParameter.QueryParam" time="1.260" errors="0" timestamp="2025-09-18T16:21:14 IST" skipped="0">
  <testcase classname="TypesOfParameter.QueryParam" name="samepleTest" time="1.260"/>
</testsuite> <!-- TypesOfParameter.QueryParam -->
