<?xml version="1.0" encoding="UTF-8"?>
<!-- Generated by org.testng.reporters.JUnitReportReporter -->
<testsuite hostname="LAPTOP-ILEVVRC8" failures="0" tests="1" name="AuthTest.BasicAuthTest" time="1.600" errors="0" timestamp="2025-09-22T15:34:23 IST" skipped="0">
  <testcase classname="AuthTest.BasicAuthTest" name="sampleTest" time="1.600"/>
</testsuite> <!-- AuthTest.BasicAuthTest -->
