<?xml version="1.0" encoding="UTF-8"?>
<!-- Generated by org.testng.reporters.JUnitReportReporter -->
<testsuite hostname="LAPTOP-ILEVVRC8" failures="0" tests="1" name="Pratice.PostViaHashmap" time="2.785" errors="0" timestamp="2025-09-18T12:42:10 IST" skipped="0">
  <testcase classname="Pratice.PostViaHashmap" name="postViaHashmap" time="2.785"/>
</testsuite> <!-- Pratice.PostViaHashmap -->
