<?xml version="1.0" encoding="UTF-8"?>
<!-- Generated by org.testng.reporters.JUnitReportReporter -->
<testsuite hostname="LAPTOP-ILEVVRC8" failures="0" tests="1" name="Miscelanious.SSLCertification" time="2.221" errors="0" timestamp="2025-09-29T17:31:21 IST" skipped="0">
  <testcase classname="Miscelanious.SSLCertification" name="sslCertification" time="2.221"/>
</testsuite> <!-- Miscelanious.SSLCertification -->
