<?xml version="1.0" encoding="UTF-8"?>
<!-- Generated by org.testng.reporters.JUnitReportReporter -->
<testsuite hostname="LAPTOP-ILEVVRC8" failures="0" tests="1" name="AuthTest.DigestiveAuthTest" time="1.330" errors="0" timestamp="2025-09-22T15:45:28 IST" skipped="0">
  <testcase classname="AuthTest.DigestiveAuthTest" name="sampleTest" time="1.330"/>
</testsuite> <!-- AuthTest.DigestiveAuthTest -->
