<?xml version="1.0" encoding="UTF-8"?>
<!-- Generated by org.testng.reporters.JUnitReportReporter -->
<testsuite hostname="LAPTOP-ILEVVRC8" failures="0" tests="1" name="Miscelanious.JSONSchemaValidation" time="3.290" errors="0" timestamp="2025-09-29T15:06:31 IST" skipped="0">
  <testcase classname="Miscelanious.JSONSchemaValidation" name="jsonSchema" time="3.290"/>
</testsuite> <!-- Miscelanious.JSONSchemaValidation -->
