<?xml version="1.0" encoding="UTF-8"?>
<!-- Generated by org.testng.reporters.JUnitReportReporter -->
<testsuite hostname="LAPTOP-ILEVVRC8" failures="0" tests="3" name="DataDrivenTesting.AddMultupleProjectTest" time="4.181" errors="0" timestamp="2025-09-22T17:49:30 IST" skipped="0">
  <testcase classname="DataDrivenTesting.AddMultupleProjectTest" name="sampleTest" time="2.092"/>
  <testcase classname="DataDrivenTesting.AddMultupleProjectTest" name="sampleTest" time="1.031"/>
  <testcase classname="DataDrivenTesting.AddMultupleProjectTest" name="sampleTest" time="1.058"/>
</testsuite> <!-- DataDrivenTesting.AddMultupleProjectTest -->
