<?xml version="1.0" encoding="UTF-8"?>
<!-- Generated by org.testng.reporters.JUnitReportReporter -->
<testsuite hostname="LAPTOP-ILEVVRC8" failures="0" tests="1" name="ResponseValidation.VerifyResponseHeader" time="1.167" errors="0" timestamp="2025-09-16T15:09:39 IST" skipped="0">
  <testcase classname="ResponseValidation.VerifyResponseHeader" name="verifyHeader" time="1.167"/>
</testsuite> <!-- ResponseValidation.VerifyResponseHeader -->
