<?xml version="1.0" encoding="UTF-8"?>
<!-- Generated by org.testng.reporters.JUnitReportReporter -->
<testsuite hostname="LAPTOP-ILEVVRC8" failures="0" tests="1" name="Miscelanious.WireMock" time="1.456" errors="0" timestamp="2025-09-29T15:47:20 IST" skipped="0">
  <testcase classname="Miscelanious.WireMock" name="debitCardTest" time="1.456"/>
</testsuite> <!-- Miscelanious.WireMock -->
